[Mon Apr 11 2016 16:04:07 GMT+0800 (CST)] /dist/quick-sell/1.0.0/index.css
Error: Not Found
    at /Users/qiaoni/ekp/app/config/error.js:40:16
    at Layer.handle [as handle_request] (/Users/qiaoni/ekp/node_modules/express/lib/router/layer.js:95:5)
    at trim_prefix (/Users/qiaoni/ekp/node_modules/express/lib/router/index.js:312:13)
    at /Users/qiaoni/ekp/node_modules/express/lib/router/index.js:280:7
    at Function.process_params (/Users/qiaoni/ekp/node_modules/express/lib/router/index.js:330:12)
    at next (/Users/qiaoni/ekp/node_modules/express/lib/router/index.js:271:10)
    at /Users/qiaoni/ekp/app/controllers/filter-controller.js:36:5
    at Layer.handle [as handle_request] (/Users/qiaoni/ekp/node_modules/express/lib/router/layer.js:95:5)
    at trim_prefix (/Users/qiaoni/ekp/node_modules/express/lib/router/index.js:312:13)
    at /Users/qiaoni/ekp/node_modules/express/lib/router/index.js:280:7
[Mon Apr 11 2016 16:04:07 GMT+0800 (CST)] /dist/quick-sell/1.0.0/common.js
Error: Not Found
    at /Users/qiaoni/ekp/app/config/error.js:40:16
    at Layer.handle [as handle_request] (/Users/qiaoni/ekp/node_modules/express/lib/router/layer.js:95:5)
    at trim_prefix (/Users/qiaoni/ekp/node_modules/express/lib/router/index.js:312:13)
    at /Users/qiaoni/ekp/node_modules/express/lib/router/index.js:280:7
    at Function.process_params (/Users/qiaoni/ekp/node_modules/express/lib/router/index.js:330:12)
    at next (/Users/qiaoni/ekp/node_modules/express/lib/router/index.js:271:10)
    at /Users/qiaoni/ekp/app/controllers/filter-controller.js:36:5
    at Layer.handle [as handle_request] (/Users/qiaoni/ekp/node_modules/express/lib/router/layer.js:95:5)
    at trim_prefix (/Users/qiaoni/ekp/node_modules/express/lib/router/index.js:312:13)
    at /Users/qiaoni/ekp/node_modules/express/lib/router/index.js:280:7
[Mon Apr 11 2016 16:04:07 GMT+0800 (CST)] /dist/quick-sell/1.0.0/index.js
Error: Not Found
    at /Users/qiaoni/ekp/app/config/error.js:40:16
    at Layer.handle [as handle_request] (/Users/qiaoni/ekp/node_modules/express/lib/router/layer.js:95:5)
    at trim_prefix (/Users/qiaoni/ekp/node_modules/express/lib/router/index.js:312:13)
    at /Users/qiaoni/ekp/node_modules/express/lib/router/index.js:280:7
    at Function.process_params (/Users/qiaoni/ekp/node_modules/express/lib/router/index.js:330:12)
    at next (/Users/qiaoni/ekp/node_modules/express/lib/router/index.js:271:10)
    at /Users/qiaoni/ekp/app/controllers/filter-controller.js:36:5
    at Layer.handle [as handle_request] (/Users/qiaoni/ekp/node_modules/express/lib/router/layer.js:95:5)
    at trim_prefix (/Users/qiaoni/ekp/node_modules/express/lib/router/index.js:312:13)
    at /Users/qiaoni/ekp/node_modules/express/lib/router/index.js:280:7
[Mon Apr 11 2016 16:04:07 GMT+0800 (CST)] /favicon.ico
Error: Not Found
    at /Users/qiaoni/ekp/app/config/error.js:40:16
    at Layer.handle [as handle_request] (/Users/qiaoni/ekp/node_modules/express/lib/router/layer.js:95:5)
    at trim_prefix (/Users/qiaoni/ekp/node_modules/express/lib/router/index.js:312:13)
    at /Users/qiaoni/ekp/node_modules/express/lib/router/index.js:280:7
    at Function.process_params (/Users/qiaoni/ekp/node_modules/express/lib/router/index.js:330:12)
    at next (/Users/qiaoni/ekp/node_modules/express/lib/router/index.js:271:10)
    at /Users/qiaoni/ekp/app/controllers/filter-controller.js:36:5
    at Layer.handle [as handle_request] (/Users/qiaoni/ekp/node_modules/express/lib/router/layer.js:95:5)
    at trim_prefix (/Users/qiaoni/ekp/node_modules/express/lib/router/index.js:312:13)
    at /Users/qiaoni/ekp/node_modules/express/lib/router/index.js:280:7
[Mon Apr 11 2016 16:09:04 GMT+0800 (CST)] /dist/quick-sell/1.0.0/index.css
Error: Not Found
    at /Users/qiaoni/ekp/app/config/error.js:40:16
    at Layer.handle [as handle_request] (/Users/qiaoni/ekp/node_modules/express/lib/router/layer.js:95:5)
    at trim_prefix (/Users/qiaoni/ekp/node_modules/express/lib/router/index.js:312:13)
    at /Users/qiaoni/ekp/node_modules/express/lib/router/index.js:280:7
    at Function.process_params (/Users/qiaoni/ekp/node_modules/express/lib/router/index.js:330:12)
    at next (/Users/qiaoni/ekp/node_modules/express/lib/router/index.js:271:10)
    at /Users/qiaoni/ekp/app/controllers/filter-controller.js:36:5
    at Layer.handle [as handle_request] (/Users/qiaoni/ekp/node_modules/express/lib/router/layer.js:95:5)
    at trim_prefix (/Users/qiaoni/ekp/node_modules/express/lib/router/index.js:312:13)
    at /Users/qiaoni/ekp/node_modules/express/lib/router/index.js:280:7
[Mon Apr 11 2016 16:09:04 GMT+0800 (CST)] /dist/quick-sell/1.0.0/common.js
Error: Not Found
    at /Users/qiaoni/ekp/app/config/error.js:40:16
    at Layer.handle [as handle_request] (/Users/qiaoni/ekp/node_modules/express/lib/router/layer.js:95:5)
    at trim_prefix (/Users/qiaoni/ekp/node_modules/express/lib/router/index.js:312:13)
    at /Users/qiaoni/ekp/node_modules/express/lib/router/index.js:280:7
    at Function.process_params (/Users/qiaoni/ekp/node_modules/express/lib/router/index.js:330:12)
    at next (/Users/qiaoni/ekp/node_modules/express/lib/router/index.js:271:10)
    at /Users/qiaoni/ekp/app/controllers/filter-controller.js:36:5
    at Layer.handle [as handle_request] (/Users/qiaoni/ekp/node_modules/express/lib/router/layer.js:95:5)
    at trim_prefix (/Users/qiaoni/ekp/node_modules/express/lib/router/index.js:312:13)
    at /Users/qiaoni/ekp/node_modules/express/lib/router/index.js:280:7
[Mon Apr 11 2016 16:09:04 GMT+0800 (CST)] /dist/quick-sell/1.0.0/index.js
Error: Not Found
    at /Users/qiaoni/ekp/app/config/error.js:40:16
    at Layer.handle [as handle_request] (/Users/qiaoni/ekp/node_modules/express/lib/router/layer.js:95:5)
    at trim_prefix (/Users/qiaoni/ekp/node_modules/express/lib/router/index.js:312:13)
    at /Users/qiaoni/ekp/node_modules/express/lib/router/index.js:280:7
    at Function.process_params (/Users/qiaoni/ekp/node_modules/express/lib/router/index.js:330:12)
    at next (/Users/qiaoni/ekp/node_modules/express/lib/router/index.js:271:10)
    at /Users/qiaoni/ekp/app/controllers/filter-controller.js:36:5
    at Layer.handle [as handle_request] (/Users/qiaoni/ekp/node_modules/express/lib/router/layer.js:95:5)
    at trim_prefix (/Users/qiaoni/ekp/node_modules/express/lib/router/index.js:312:13)
    at /Users/qiaoni/ekp/node_modules/express/lib/router/index.js:280:7
